<?xml version="1.0" encoding="UTF-8"?>
<!-- Generated by org.testng.reporters.JUnitReportReporter -->
<testsuite hostname="ADMINIB-95C8A0C" name="DriverScript.Allocator" tests="1" failures="0" timestamp="1 Jan 2019 07:25:46 GMT" time="82.092" errors="0">
  <testcase name="testDriver" time="82.092" classname="DriverScript.Allocator"/>
</testsuite> <!-- DriverScript.Allocator -->
