<?xml version="1.0" encoding="UTF-8"?>
<!-- Generated by org.testng.reporters.JUnitReportReporter -->
<testsuite skipped="0" hostname="ADMINIB-95C8A0C" name="DriverScript.Allocator" tests="1" failures="0" timestamp="01 Jan 2019 10:14:28 GMT" time="28.933" errors="0">
  <testcase name="testDriver" time="28.933" classname="DriverScript.Allocator"/>
</testsuite> <!-- DriverScript.Allocator -->
